ERROR 2024-10-16T19:02:12.282+00:00 ThreadId(10) [1P:op-settings/src/store/json_store.rs:78] Os { code: 2, kind: NotFound, message: "No such file or directory" }
INFO  2024-10-16T19:02:12.282+00:00 ThreadId(10) [1P:op-settings/src/store/json_store.rs:99] Settings file "/home/<redacted-username>/.config/1Password/settings/settings.json" missing, using defaults.
INFO  2024-10-16T19:02:12.283+00:00 ThreadId(10) [client:typescript] Client starting.
ERROR 2024-10-16T19:02:13.142+00:00 ThreadId(10) [1P:/builds/dev/core/core/op-b5-client/src/b5_client/features.rs:134] HttpError((/rustc/eeb90cda1969383f56a2637cbd3037bdf598841c/library/core/src/ops/function.rs:250, IoError(IoError(error sending request for url (<redacted URL>): operation timed out))))
INFO  2024-10-16T19:02:13.143+00:00 ThreadId(10) [1P:op-crash-reporting/src/killswitch.rs:42] Crash reporting temporarily disabled by 1Password.
INFO  2024-10-16T19:02:13.143+00:00 ThreadId(10) [1P:op-localization/src/lib.rs:232] system locale detected as 'en-US'
INFO  2024-10-16T19:02:13.143+00:00 ThreadId(10) [1P:op-localization/src/lib.rs:258] selected translations for EN_US based on detected locale en-US
INFO  2024-10-16T19:02:13.143+00:00 ThreadId(10) [status:app/op-app/src/app.rs:672] App::new(1Password for Linux/81048025 (EN_US), /home/<redacted-username>/.config/1Password)
INFO  2024-10-16T19:02:13.156+00:00 ThreadId(10) [1P:data/op-db/src/common/mod.rs:147] Core DB Table Integrity Check Succeeded
INFO  2024-10-16T19:02:13.156+00:00 ThreadId(10) [1P:data/op-db/src/common/mod.rs:161] Core DB Integrity Check Succeeded
INFO  2024-10-16T19:02:13.156+00:00 ThreadId(10) [1P:data/op-db/src/core_db/db.rs:143] Starting Core DB at version: 0
INFO  2024-10-16T19:02:13.156+00:00 ThreadId(10) [1P:data/op-db/src/core_db/db.rs:156] Database is being created at '/home/<redacted-username>/.config/1Password/1password.sqlite' (sqlite: 3046000)
INFO  2024-10-16T19:02:13.165+00:00 ThreadId(10) [1P:data/op-db/src/core_db/db.rs:508] Updated DB Schema to version 001
INFO  2024-10-16T19:02:13.168+00:00 ThreadId(10) [1P:data/op-db/src/core_db/db.rs:530] Updated DB Schema to version 002
INFO  2024-10-16T19:02:13.172+00:00 ThreadId(10) [1P:data/op-db/src/core_db/db.rs:542] Updated DB Schema to version 003
INFO  2024-10-16T19:02:13.175+00:00 ThreadId(10) [1P:data/op-db/src/core_db/db.rs:558] Updated DB Schema to version 005
INFO  2024-10-16T19:02:13.178+00:00 ThreadId(10) [1P:data/op-db/src/core_db/db.rs:574] Updated DB Schema to version 006
INFO  2024-10-16T19:02:13.181+00:00 ThreadId(10) [1P:data/op-db/src/core_db/db.rs:588] Updated DB Schema to version 007
INFO  2024-10-16T19:02:13.184+00:00 ThreadId(10) [1P:data/op-db/src/core_db/db.rs:602] Updated DB Schema to version 008
INFO  2024-10-16T19:02:13.186+00:00 ThreadId(10) [1P:data/op-db/src/core_db/db.rs:616] Updated DB Schema to version 009
INFO  2024-10-16T19:02:13.190+00:00 ThreadId(10) [1P:data/op-db/src/core_db/db.rs:630] Updated DB Schema to version 011
INFO  2024-10-16T19:02:13.190+00:00 ThreadId(10) [1P:data/op-db/src/core_db/db.rs:645] Updated DB Schema to version 012
INFO  2024-10-16T19:02:13.193+00:00 ThreadId(10) [1P:data/op-db/src/core_db/db.rs:659] Updated DB Schema to version 013
INFO  2024-10-16T19:02:13.196+00:00 ThreadId(10) [1P:data/op-db/src/core_db/db.rs:673] Updated DB Schema to version 014
INFO  2024-10-16T19:02:13.199+00:00 ThreadId(10) [1P:data/op-db/src/core_db/db.rs:687] Updated DB Schema to version 015
INFO  2024-10-16T19:02:13.203+00:00 ThreadId(10) [1P:data/op-db/src/core_db/db.rs:701] Updated DB Schema to version 016
INFO  2024-10-16T19:02:13.206+00:00 ThreadId(10) [1P:data/op-db/src/core_db/db.rs:715] Updated DB Schema to version 017
INFO  2024-10-16T19:02:13.210+00:00 ThreadId(10) [1P:data/op-db/src/core_db/db.rs:729] Updated DB Schema to version 018
INFO  2024-10-16T19:02:13.213+00:00 ThreadId(10) [1P:data/op-db/src/core_db/db.rs:743] Updated DB Schema to version 019
INFO  2024-10-16T19:02:13.219+00:00 ThreadId(10) [1P:data/op-db/src/core_db/db.rs:858] Updated DB Schema to version 021
INFO  2024-10-16T19:02:13.223+00:00 ThreadId(10) [1P:data/op-db/src/core_db/db.rs:872] Updated DB Schema to version 022
INFO  2024-10-16T19:02:13.226+00:00 ThreadId(10) [1P:data/op-db/src/core_db/db.rs:886] Updated DB Schema to version 023
INFO  2024-10-16T19:02:13.229+00:00 ThreadId(10) [1P:data/op-db/src/core_db/db.rs:900] Updated DB Schema to version 024
INFO  2024-10-16T19:02:13.233+00:00 ThreadId(10) [1P:data/op-db/src/core_db/db.rs:914] Updated DB Schema to version 025
INFO  2024-10-16T19:02:13.235+00:00 ThreadId(10) [1P:data/op-db/src/core_db/db.rs:1028] Updated DB Schema to version 026
INFO  2024-10-16T19:02:13.238+00:00 ThreadId(10) [1P:data/op-db/src/core_db/db.rs:1042] Updated DB Schema to version 027
INFO  2024-10-16T19:02:13.241+00:00 ThreadId(10) [1P:data/op-db/src/core_db/db.rs:1056] Updated DB Schema to version 028
INFO  2024-10-16T19:02:13.243+00:00 ThreadId(10) [1P:data/op-db/src/core_db/db.rs:1070] Updated DB Schema to version 029
INFO  2024-10-16T19:02:13.245+00:00 ThreadId(10) [1P:data/op-db/src/core_db/db.rs:1084] Updated DB Schema to version 030
INFO  2024-10-16T19:02:13.248+00:00 ThreadId(10) [1P:data/op-db/src/core_db/db.rs:1097] Updated DB Schema to version 031
INFO  2024-10-16T19:02:13.250+00:00 ThreadId(10) [1P:data/op-db/src/core_db/db.rs:1110] Updated DB Schema to version 032
INFO  2024-10-16T19:02:13.253+00:00 ThreadId(10) [1P:data/op-db/src/core_db/db.rs:1123] Updated DB Schema to version 033
INFO  2024-10-16T19:02:13.256+00:00 ThreadId(10) [1P:data/op-db/src/core_db/db.rs:1136] Updated DB Schema to version 034
INFO  2024-10-16T19:02:13.258+00:00 ThreadId(10) [1P:data/op-db/src/core_db/db.rs:1149] Updated DB Schema to version 035
INFO  2024-10-16T19:02:13.261+00:00 ThreadId(10) [1P:data/op-db/src/core_db/db.rs:1162] Updated DB Schema to version 036
INFO  2024-10-16T19:02:13.264+00:00 ThreadId(10) [1P:data/op-db/src/core_db/db.rs:1175] Updated DB Schema to version 037
INFO  2024-10-16T19:02:13.276+00:00 ThreadId(10) [1P:data/op-db/src/common/mod.rs:147] Resources DB Table Integrity Check Succeeded
INFO  2024-10-16T19:02:13.276+00:00 ThreadId(10) [1P:data/op-db/src/common/mod.rs:161] Resources DB Integrity Check Succeeded
INFO  2024-10-16T19:02:13.276+00:00 ThreadId(10) [1P:data/op-db/src/resources_db/db.rs:105] Starting Resources DB at version: 0
INFO  2024-10-16T19:02:13.276+00:00 ThreadId(10) [1P:data/op-db/src/resources_db/db.rs:113] Resources Database is being created at '/home/<redacted-username>/.config/1Password/1password_resources.sqlite' (sqlite: 3046000)
INFO  2024-10-16T19:02:13.283+00:00 ThreadId(10) [1P:data/op-db/src/resources_db/db.rs:209] Updated DB Schema to version 001
ERROR 2024-10-16T19:02:13.287+00:00 ThreadId(10) [1P:/builds/dev/core/core/ssh/op-ssh-config/src/lib.rs:196] Failed to start ssh config file watcher: Io(Os { code: 2, kind: NotFound, message: "No such file or directory" })
INFO  2024-10-16T19:02:13.290+00:00 tokio-runtime-worker(ThreadId(8)) [1P:app/op-app/src/app/backend/lock.rs:340] MYCELIUM PRE-REGISTRATION FLAGS: Fetching pre-registration flags
ERROR 2024-10-16T19:02:13.291+00:00 ThreadId(10) [1P:ffi/op-core-node/src/lib.rs:448] Io(Os { code: 2, kind: NotFound, message: "No such file or directory" })
INFO  2024-10-16T19:02:13.291+00:00 tokio-runtime-worker(ThreadId(3)) [1P:native-messaging/op-native-core-integration/src/lib.rs:293] Mute native core integration is waiting for Shared Lock State to be enabled
INFO  2024-10-16T19:02:13.291+00:00 tokio-runtime-worker(ThreadId(6)) [1P:ssh/op-agent-controller/src/lib.rs:549] Starting filesystem watcher for SSH agent configuration directories...
ERROR 2024-10-16T19:02:13.292+00:00 tokio-runtime-worker(ThreadId(6)) [1P:/builds/dev/core/core/ssh/op-agent-controller/src/lib.rs:550] Io(Os { code: 2, kind: NotFound, message: "No such file or directory" })
ERROR 2024-10-16T19:02:13.365+00:00 ThreadId(10) [client:typescript] Could not load window state.
INFO  2024-10-16T19:02:13.826+00:00 tokio-runtime-worker(ThreadId(8)) [1P:app/op-app/src/app/backend/lock.rs:347] MYCELIUM PRE-REGISTRATION FLAGS: Forward flag enabled true
INFO  2024-10-16T19:02:13.826+00:00 tokio-runtime-worker(ThreadId(8)) [1P:app/op-app/src/app/backend/lock.rs:356] MYCELIUM PRE-REGISTRATION FLAGS: Reverse flag enabled true
INFO  2024-10-16T19:02:28.295+00:00 tokio-runtime-worker(ThreadId(8)) [1P:foundation/op-feature-gate/src/feature_store.rs:707] MYCELIUM PRE-REGISTRATION FLAGS: Reading forward flag value as true
INFO  2024-10-16T19:02:28.333+00:00 tokio-runtime-worker(ThreadId(7)) [1P:app/op-app/src/app/backend/mycelium/unauthorized_device_start.rs:93] MYCELIUM UNAUTHORIZED DEVICE FORWARD FLOW SIGN-IN -- starting new sign-in session
INFO  2024-10-16T19:02:28.333+00:00 tokio-runtime-worker(ThreadId(7)) [1P:foundation/op-feature-gate/src/feature_store.rs:707] MYCELIUM PRE-REGISTRATION FLAGS: Reading forward flag value as true
INFO  2024-10-16T19:02:28.333+00:00 tokio-runtime-worker(ThreadId(7)) [1P:app/op-app/src/app/backend/task_handle.rs:48] Starting mycelium-active-sign-in task
INFO  2024-10-16T19:02:28.333+00:00 tokio-runtime-worker(ThreadId(7)) [1P:app/op-app/src/app/backend/mycelium/unauthorized_device_start.rs:277] MYCELIUM UNAUTHORIZED DEVICE FORWARD FLOW SIGN-IN -- starting channel create loop
INFO  2024-10-16T19:02:33.834+00:00 tokio-runtime-worker(ThreadId(8)) [1P:app/op-app/src/app/backend/mycelium/unauthorized_device_start.rs:294] MYCELIUM UNAUTHORIZED DEVICE FORWARD FLOW SIGN-IN -- created Mycelium channel on region code Com
WARN  2024-10-16T19:07:34.668+00:00 tokio-runtime-worker(ThreadId(7)) [1P:op-mycelium-auth/src/state_machine/forward.rs:197] failed to wait for channel reply: TimedOut
INFO  2024-10-16T19:07:34.668+00:00 tokio-runtime-worker(ThreadId(7)) [1P:op-mycelium-auth/src/state_machine/forward.rs:199] closing Mycelium channel
INFO  2024-10-16T19:07:34.767+00:00 tokio-runtime-worker(ThreadId(7)) [1P:app/op-app/src/app/backend/mycelium/unauthorized_device_start.rs:415] refreshing Mycelium channel for sign-in
INFO  2024-10-16T19:07:34.767+00:00 tokio-runtime-worker(ThreadId(7)) [1P:app/op-app/src/app/backend/mycelium/unauthorized_device_start.rs:277] MYCELIUM UNAUTHORIZED DEVICE FORWARD FLOW SIGN-IN -- starting channel create loop
INFO  2024-10-16T19:07:35.279+00:00 tokio-runtime-worker(ThreadId(3)) [1P:app/op-app/src/app/backend/mycelium/unauthorized_device_start.rs:294] MYCELIUM UNAUTHORIZED DEVICE FORWARD FLOW SIGN-IN -- created Mycelium channel on region code Com
INFO  2024-10-16T19:10:48.506+00:00 tokio-runtime-worker(ThreadId(7)) [1P:op-b5-client/src/internal/unauthorized_session.rs:855] Registered device r62yemmmr5n6h3jr42tjkx6lam
INFO  2024-10-16T19:10:49.014+00:00 tokio-runtime-worker(ThreadId(7)) [1P:op-b5-client/src/internal/unauthorized_session.rs:1052] Skipping MFA because server did not return MFA config
INFO  2024-10-16T19:10:49.014+00:00 tokio-runtime-worker(ThreadId(3)) [1P:data/op-add-account/src/first_sync.rs:476] starting initial account sync
INFO  2024-10-16T19:10:50.652+00:00 tokio-runtime-worker(ThreadId(7)) [1P:data/op-syncer/src/sync_job.rs:507] synced account 3X7LJ26H6ZAVPGNVIQCAF6IWHQ (1.637404717s)
INFO  2024-10-16T19:10:50.693+00:00 tokio-runtime-worker(ThreadId(8)) [1P:/builds/dev/core/core/data/ext/op-account-ext-settings-authentication/src/lib.rs:226] loaded settings authentication key: none
INFO  2024-10-16T19:10:50.694+00:00 tokio-runtime-worker(ThreadId(8)) [1P:data/ext/op-account-ext-items/src/lib.rs:234] loaded 0 items in 4 vaults for account: 3X7LJ26H6ZAVPGNVIQCAF6IWHQ
INFO  2024-10-16T19:10:50.695+00:00 tokio-runtime-worker(ThreadId(7)) [1P:app/op-app/src/app/backend/frontend_initialized.rs:241] starting refresher task during initial account sign-in
INFO  2024-10-16T19:10:50.695+00:00 tokio-runtime-worker(ThreadId(2)) [1P:app/op-app/src/app/components/policies.rs:288] Skipping policies for account 3X7LJ26H6ZAVPGNVIQCAF6IWHQ; feature flag not enabled.
INFO  2024-10-16T19:10:50.695+00:00 tokio-runtime-worker(ThreadId(7)) [1P:op-telemetry/src/middleware/opt_state.rs:115] op-telemetry: account uuid '3X7LJ26H6ZAVPGNVIQCAF6IWHQ' changed telemetry state to Decided(Out)
INFO  2024-10-16T19:10:50.696+00:00 tokio-runtime-worker(ThreadId(8)) [1P:data/ext/op-account-ext-settings-authentication/src/lib.rs:345] No and/or corrupt account setting authentication key, generating a new one.
INFO  2024-10-16T19:10:50.696+00:00 tokio-runtime-worker(ThreadId(8)) [1P:data/ext/op-account-ext-settings-authentication/src/lib.rs:369] applying setting authentication key (fe78764b02bcb831) to account (3X7LJ26H6ZAVPGNVIQCAF6IWHQ).
INFO  2024-10-16T19:10:50.696+00:00 tokio-runtime-worker(ThreadId(8)) [1P:op-settings/src/store/json_store.rs:703] initializing settings authentication with key fe78764b02bcb831
INFO  2024-10-16T19:10:50.696+00:00 tokio-runtime-worker(ThreadId(1)) [1P:app/op-app/src/app/backend/essential_setup.rs:135] SLS Migration Result: Performed
INFO  2024-10-16T19:10:50.696+00:00 tokio-runtime-worker(ThreadId(3)) [1P:app/op-app/src/app/backend/unlock.rs:150] Lock state changed: Unlocked
INFO  2024-10-16T19:10:50.696+00:00 tokio-runtime-worker(ThreadId(3)) [1P:app/op-app/src/app/backend/essential_setup.rs:135] SLS Migration Result: Performed
ERROR 2024-10-16T19:10:50.696+00:00 tokio-runtime-worker(ThreadId(1)) [1P:op-settings/src/store/json_store.rs:78] Os { code: 2, kind: NotFound, message: "No such file or directory" }
INFO  2024-10-16T19:10:50.696+00:00 tokio-runtime-worker(ThreadId(3)) [1P:op-settings/src/store/json_store.rs:99] Settings file "/home/<redacted-username>/.config/1Password/settings/settings.json" missing, using defaults.
INFO  2024-10-16T19:10:50.696+00:00 tokio-runtime-worker(ThreadId(3)) [1P:app/op-app/src/app/backend/frontend_initialized.rs:250] refreshing ui for pending sign-in
INFO  2024-10-16T19:10:50.696+00:00 tokio-runtime-worker(ThreadId(3)) [1P:op-settings/src/store/json_store.rs:71] Settings file created @ 2024-10-16 19:10:50.692872133 UTC and last modified @ 2024-10-16 19:10:50.692872133 UTC
INFO  2024-10-16T19:10:50.697+00:00 tokio-runtime-worker(ThreadId(5)) [1P:native-messaging/op-native-core-integration/src/lib.rs:299] Setting has been toggled on/off, restarting native core integration
INFO  2024-10-16T19:10:50.697+00:00 tokio-runtime-worker(ThreadId(5)) [1P:native-messaging/op-native-core-integration/src/lib.rs:336] Starting IPC listener on 1Password-BrowserSupport
INFO  2024-10-16T19:10:50.697+00:00 tokio-runtime-worker(ThreadId(8)) [1P:op-settings/src/store/json_store.rs:71] Settings file created @ 2024-10-16 19:10:50.692872133 UTC and last modified @ 2024-10-16 19:10:50.696205467 UTC
INFO  2024-10-16T19:10:50.697+00:00 tokio-runtime-worker(ThreadId(8)) [1P:op-settings/src/store/json_store.rs:71] Settings file created @ 2024-10-16 19:10:50.692872133 UTC and last modified @ 2024-10-16 19:10:50.696205467 UTC
INFO  2024-10-16T19:10:50.697+00:00 tokio-runtime-worker(ThreadId(7)) [1P:native-messaging/op-nm-installer/src/nix_utils.rs:48] Creating manifest directory for Chromium at /home/<redacted-username>/.config/google-chrome/NativeMessagingHosts
INFO  2024-10-16T19:10:50.697+00:00 tokio-runtime-worker(ThreadId(5)) [1P:native-messaging/op-native-core-integration/src/lib.rs:348] Active native core integration is awaiting messages
INFO  2024-10-16T19:10:50.697+00:00 tokio-runtime-worker(ThreadId(5)) [1P:native-messaging/op-native-core-integration/src/lib.rs:362] Setting has been toggled on/off, restarting native core integration
INFO  2024-10-16T19:10:50.697+00:00 tokio-runtime-worker(ThreadId(7)) [1P:native-messaging/op-nm-installer/src/nix_utils.rs:68] Created NMH manifest at /home/<redacted-username>/.config/google-chrome/NativeMessagingHosts/com.1password.1password.json
INFO  2024-10-16T19:10:50.697+00:00 tokio-runtime-worker(ThreadId(5)) [1P:native-messaging/op-native-core-integration/src/lib.rs:336] Starting IPC listener on 1Password-BrowserSupport
INFO  2024-10-16T19:10:50.697+00:00 tokio-runtime-worker(ThreadId(7)) [1P:native-messaging/op-nm-installer/src/nix_utils.rs:48] Creating manifest directory for Chromium at /home/<redacted-username>/.config/google-chrome-beta/NativeMessagingHosts
INFO  2024-10-16T19:10:50.697+00:00 tokio-runtime-worker(ThreadId(7)) [1P:native-messaging/op-nm-installer/src/nix_utils.rs:68] Created NMH manifest at /home/<redacted-username>/.config/google-chrome-beta/NativeMessagingHosts/com.1password.1password.json
INFO  2024-10-16T19:10:50.697+00:00 tokio-runtime-worker(ThreadId(7)) [1P:native-messaging/op-nm-installer/src/nix_utils.rs:48] Creating manifest directory for Chromium at /home/<redacted-username>/.config/google-chrome-unstable/NativeMessagingHosts
INFO  2024-10-16T19:10:50.698+00:00 tokio-runtime-worker(ThreadId(7)) [1P:native-messaging/op-nm-installer/src/nix_utils.rs:68] Created NMH manifest at /home/<redacted-username>/.config/google-chrome-unstable/NativeMessagingHosts/com.1password.1password.json
INFO  2024-10-16T19:10:50.698+00:00 tokio-runtime-worker(ThreadId(8)) [1P:native-messaging/op-native-core-integration/src/lib.rs:348] Active native core integration is awaiting messages
INFO  2024-10-16T19:10:50.698+00:00 tokio-runtime-worker(ThreadId(7)) [1P:native-messaging/op-nm-installer/src/nix_utils.rs:48] Creating manifest directory for Chromium at /home/<redacted-username>/.config/chromium/NativeMessagingHosts
INFO  2024-10-16T19:10:50.698+00:00 tokio-runtime-worker(ThreadId(7)) [1P:native-messaging/op-nm-installer/src/nix_utils.rs:68] Created NMH manifest at /home/<redacted-username>/.config/chromium/NativeMessagingHosts/com.1password.1password.json
INFO  2024-10-16T19:10:50.698+00:00 tokio-runtime-worker(ThreadId(7)) [1P:native-messaging/op-nm-installer/src/nix_utils.rs:48] Creating manifest directory for Chromium at /home/<redacted-username>/.config/microsoft-edge-dev/NativeMessagingHosts
INFO  2024-10-16T19:10:50.698+00:00 tokio-runtime-worker(ThreadId(7)) [1P:native-messaging/op-nm-installer/src/nix_utils.rs:68] Created NMH manifest at /home/<redacted-username>/.config/microsoft-edge-dev/NativeMessagingHosts/com.1password.1password.json
INFO  2024-10-16T19:10:50.698+00:00 tokio-runtime-worker(ThreadId(7)) [1P:native-messaging/op-nm-installer/src/nix_utils.rs:68] Created NMH manifest at /home/<redacted-username>/.config/BraveSoftware/Brave-Browser/NativeMessagingHosts/com.1password.1password.json
INFO  2024-10-16T19:10:50.698+00:00 tokio-runtime-worker(ThreadId(7)) [1P:native-messaging/op-nm-installer/src/nix_utils.rs:48] Creating manifest directory for Chromium at /home/<redacted-username>/.config/vivaldi/NativeMessagingHosts
INFO  2024-10-16T19:10:50.698+00:00 tokio-runtime-worker(ThreadId(7)) [1P:native-messaging/op-nm-installer/src/nix_utils.rs:68] Created NMH manifest at /home/<redacted-username>/.config/vivaldi/NativeMessagingHosts/com.1password.1password.json
INFO  2024-10-16T19:10:50.698+00:00 tokio-runtime-worker(ThreadId(7)) [1P:native-messaging/op-nm-installer/src/nix_utils.rs:48] Creating manifest directory for Chromium at /home/<redacted-username>/.config/vivaldi-snapshot/NativeMessagingHosts
INFO  2024-10-16T19:10:50.698+00:00 tokio-runtime-worker(ThreadId(7)) [1P:native-messaging/op-nm-installer/src/nix_utils.rs:68] Created NMH manifest at /home/<redacted-username>/.config/vivaldi-snapshot/NativeMessagingHosts/com.1password.1password.json
INFO  2024-10-16T19:10:50.699+00:00 tokio-runtime-worker(ThreadId(7)) [1P:native-messaging/op-nm-installer/src/nix_utils.rs:48] Creating manifest directory for Firefox at /home/<redacted-username>/.mozilla/native-messaging-hosts
INFO  2024-10-16T19:10:50.699+00:00 tokio-runtime-worker(ThreadId(7)) [1P:native-messaging/op-nm-installer/src/nix_utils.rs:68] Created NMH manifest at /home/<redacted-username>/.mozilla/native-messaging-hosts/com.1password.1password.json
INFO  2024-10-16T19:10:50.699+00:00 tokio-runtime-worker(ThreadId(7)) [1P:native-messaging/op-nm-installer/src/nix_utils.rs:83] Successfully installed all native messaging manifests.
INFO  2024-10-16T19:10:50.699+00:00 tokio-runtime-worker(ThreadId(7)) [1P:native-messaging/op-nm-installer/src/nix_utils.rs:68] Created NMH manifest at /home/<redacted-username>/.config/google-chrome/NativeMessagingHosts/com.1password.1password.json
INFO  2024-10-16T19:10:50.699+00:00 tokio-runtime-worker(ThreadId(7)) [1P:native-messaging/op-nm-installer/src/nix_utils.rs:68] Created NMH manifest at /home/<redacted-username>/.config/google-chrome-beta/NativeMessagingHosts/com.1password.1password.json
INFO  2024-10-16T19:10:50.700+00:00 tokio-runtime-worker(ThreadId(7)) [1P:native-messaging/op-nm-installer/src/nix_utils.rs:68] Created NMH manifest at /home/<redacted-username>/.config/google-chrome-unstable/NativeMessagingHosts/com.1password.1password.json
INFO  2024-10-16T19:10:50.700+00:00 tokio-runtime-worker(ThreadId(7)) [1P:native-messaging/op-nm-installer/src/nix_utils.rs:68] Created NMH manifest at /home/<redacted-username>/.config/chromium/NativeMessagingHosts/com.1password.1password.json
INFO  2024-10-16T19:10:50.700+00:00 tokio-runtime-worker(ThreadId(7)) [1P:native-messaging/op-nm-installer/src/nix_utils.rs:68] Created NMH manifest at /home/<redacted-username>/.config/microsoft-edge-dev/NativeMessagingHosts/com.1password.1password.json
INFO  2024-10-16T19:10:50.700+00:00 tokio-runtime-worker(ThreadId(7)) [1P:native-messaging/op-nm-installer/src/nix_utils.rs:68] Created NMH manifest at /home/<redacted-username>/.config/BraveSoftware/Brave-Browser/NativeMessagingHosts/com.1password.1password.json
INFO  2024-10-16T19:10:50.700+00:00 tokio-runtime-worker(ThreadId(7)) [1P:native-messaging/op-nm-installer/src/nix_utils.rs:68] Created NMH manifest at /home/<redacted-username>/.config/vivaldi/NativeMessagingHosts/com.1password.1password.json
INFO  2024-10-16T19:10:50.700+00:00 tokio-runtime-worker(ThreadId(7)) [1P:native-messaging/op-nm-installer/src/nix_utils.rs:68] Created NMH manifest at /home/<redacted-username>/.config/vivaldi-snapshot/NativeMessagingHosts/com.1password.1password.json
INFO  2024-10-16T19:10:50.700+00:00 tokio-runtime-worker(ThreadId(7)) [1P:native-messaging/op-nm-installer/src/nix_utils.rs:68] Created NMH manifest at /home/<redacted-username>/.mozilla/native-messaging-hosts/com.1password.1password.json
INFO  2024-10-16T19:10:50.700+00:00 tokio-runtime-worker(ThreadId(7)) [1P:native-messaging/op-nm-installer/src/nix_utils.rs:83] Successfully installed all native messaging manifests.
INFO  2024-10-16T19:10:50.707+00:00 ThreadId(10) [client:typescript] Settings file changed.
INFO  2024-10-16T19:10:50.710+00:00 ThreadId(10) [client:typescript] Settings file changed.
INFO  2024-10-16T19:10:51.125+00:00 tokio-runtime-worker(ThreadId(3)) [1P:data/ext/op-account-ext-syncer/src/lib.rs:239] The B5 Notifier for (3X7LJ26H6ZAVPGNVIQCAF6IWHQ) has connected, now monitoring for events.
INFO  2024-10-16T19:10:51.125+00:00 tokio-runtime-worker(ThreadId(5)) [1P:app/op-app/src/app/backend/unlock.rs:172] Processing unlocked account 3X7LJ26H6ZAVPGNVIQCAF6IWHQ
INFO  2024-10-16T19:10:51.865+00:00 tokio-runtime-worker(ThreadId(6)) [1P:data/op-syncer/src/sync_job.rs:507] synced account 3X7LJ26H6ZAVPGNVIQCAF6IWHQ (1.169531684s)
INFO  2024-10-16T19:10:51.865+00:00 tokio-runtime-worker(ThreadId(6)) [1P:app/op-app/src/app/backend/frontend_initialized.rs:255] shutting down refresher task
INFO  2024-10-16T19:10:51.866+00:00 tokio-runtime-worker(ThreadId(7)) [1P:data/op-file-transfer/src/lib.rs:608] find_and_complete_pending_uploads: '3X7LJ26H6ZAVPGNVIQCAF6IWHQ'
INFO  2024-10-16T19:10:51.971+00:00 tokio-runtime-worker(ThreadId(6)) [1P:data/op-syncer/src/sync_job.rs:507] synced account 3X7LJ26H6ZAVPGNVIQCAF6IWHQ (0.105131092s)
INFO  2024-10-16T19:10:52.085+00:00 tokio-runtime-worker(ThreadId(7)) [1P:app/op-app/src/app/backend/unlock.rs:301] Auto-lock duration recieved one-time update
ERROR 2024-10-16T19:10:52.085+00:00 tokio-runtime-worker(ThreadId(3)) [1P:app/op-app/src/app/components/policies.rs:146] Failed to get unlocked account
INFO  2024-10-16T19:10:52.085+00:00 tokio-runtime-worker(ThreadId(1)) [1P:op-settings/src/store/json_store.rs:71] Settings file created @ 2024-10-16 19:10:50.692872133 UTC and last modified @ 2024-10-16 19:10:50.696205467 UTC
INFO  2024-10-16T19:10:52.085+00:00 tokio-runtime-worker(ThreadId(7)) [1P:app/op-app/src/app/components/policies.rs:204] Skipping policies for account 3X7LJ26H6ZAVPGNVIQCAF6IWHQ; feature flag not enabled.
INFO  2024-10-16T19:10:52.085+00:00 tokio-runtime-worker(ThreadId(1)) [1P:op-settings/src/store/json_store.rs:71] Settings file created @ 2024-10-16 19:10:50.692872133 UTC and last modified @ 2024-10-16 19:10:52.082872100 UTC
INFO  2024-10-16T19:10:52.085+00:00 tokio-runtime-worker(ThreadId(7)) [1P:app/op-app/src/app/components/policies.rs:204] Skipping policies for account 3X7LJ26H6ZAVPGNVIQCAF6IWHQ; feature flag not enabled.
WARN  2024-10-16T19:12:36.102+00:00 tokio-runtime-worker(ThreadId(3)) [1P:op-mycelium-auth/src/state_machine/forward.rs:197] failed to wait for channel reply: TimedOut
INFO  2024-10-16T19:12:36.102+00:00 tokio-runtime-worker(ThreadId(3)) [1P:op-mycelium-auth/src/state_machine/forward.rs:199] closing Mycelium channel
INFO  2024-10-16T19:12:36.329+00:00 tokio-runtime-worker(ThreadId(3)) [1P:app/op-app/src/app/backend/mycelium/unauthorized_device_start.rs:415] refreshing Mycelium channel for sign-in
INFO  2024-10-16T19:12:36.329+00:00 tokio-runtime-worker(ThreadId(3)) [1P:app/op-app/src/app/backend/mycelium/unauthorized_device_start.rs:277] MYCELIUM UNAUTHORIZED DEVICE FORWARD FLOW SIGN-IN -- starting channel create loop
INFO  2024-10-16T19:12:37.149+00:00 tokio-runtime-worker(ThreadId(7)) [1P:app/op-app/src/app/backend/mycelium/unauthorized_device_start.rs:294] MYCELIUM UNAUTHORIZED DEVICE FORWARD FLOW SIGN-IN -- created Mycelium channel on region code Com
WARN  2024-10-16T19:17:37.898+00:00 tokio-runtime-worker(ThreadId(2)) [1P:op-mycelium-auth/src/state_machine/forward.rs:197] failed to wait for channel reply: TimedOut
INFO  2024-10-16T19:17:37.898+00:00 tokio-runtime-worker(ThreadId(2)) [1P:op-mycelium-auth/src/state_machine/forward.rs:199] closing Mycelium channel
INFO  2024-10-16T19:17:37.993+00:00 tokio-runtime-worker(ThreadId(2)) [1P:app/op-app/src/app/backend/mycelium/unauthorized_device_start.rs:415] refreshing Mycelium channel for sign-in
INFO  2024-10-16T19:17:37.993+00:00 tokio-runtime-worker(ThreadId(2)) [1P:app/op-app/src/app/backend/mycelium/unauthorized_device_start.rs:277] MYCELIUM UNAUTHORIZED DEVICE FORWARD FLOW SIGN-IN -- starting channel create loop
INFO  2024-10-16T19:17:38.913+00:00 tokio-runtime-worker(ThreadId(4)) [1P:app/op-app/src/app/backend/mycelium/unauthorized_device_start.rs:294] MYCELIUM UNAUTHORIZED DEVICE FORWARD FLOW SIGN-IN -- created Mycelium channel on region code Com
INFO  2024-10-16T19:21:39.295+00:00 ThreadId(55) [1P:op-auto-lock/src/linux.rs:467] X screensaver event detected
INFO  2024-10-16T19:21:39.296+00:00 tokio-runtime-worker(ThreadId(7)) [1P:app/op-app/src/app/backend/lock.rs:340] MYCELIUM PRE-REGISTRATION FLAGS: Fetching pre-registration flags
INFO  2024-10-16T19:21:39.296+00:00 tokio-runtime-worker(ThreadId(4)) [1P:app/op-app/src/app/backend/lock.rs:141] Lock state changed: Locked
INFO  2024-10-16T19:21:39.297+00:00 tokio-runtime-worker(ThreadId(4)) [1P:app/op-app/src/app/backend/lock.rs:169] Locked. Reason: Automatic(ScreenSaverActivated).
INFO  2024-10-16T19:21:39.297+00:00 tokio-runtime-worker(ThreadId(6)) [1P:app/op-app/src/app/backend/task_handle.rs:63] Terminating mycelium-active-sign-in task
INFO  2024-10-16T19:21:39.297+00:00 tokio-runtime-worker(ThreadId(6)) [1P:app/op-app/src/app/backend/mycelium/unauthorized_device_start.rs:198] MYCELIUM UNAUTHORIZED DEVICE FORWARD FLOW SIGN-IN -- Mycelium sign in manually aborted
ERROR 2024-10-16T19:21:39.520+00:00 tokio-runtime-worker(ThreadId(69)) [1P:ffi/op-core-node/src/lib.rs:549] CollectionNotFound
ERROR 2024-10-16T19:21:39.520+00:00 tokio-runtime-worker(ThreadId(68)) [1P:ffi/op-core-node/src/lib.rs:549] CollectionNotFound
INFO  2024-10-16T19:21:39.528+00:00 tokio-runtime-worker(ThreadId(6)) [1P:app/op-app/src/app/backend/lock_screen.rs:89] System unlock is enabled: false
INFO  2024-10-16T19:21:39.528+00:00 tokio-runtime-worker(ThreadId(6)) [1P:app/op-app/src/app/backend/lock_screen.rs:117] Sys auth status Disabled
INFO  2024-10-16T19:21:39.687+00:00 tokio-runtime-worker(ThreadId(7)) [1P:app/op-app/src/app/backend/lock.rs:347] MYCELIUM PRE-REGISTRATION FLAGS: Forward flag enabled true
INFO  2024-10-16T19:21:39.687+00:00 tokio-runtime-worker(ThreadId(7)) [1P:app/op-app/src/app/backend/lock.rs:356] MYCELIUM PRE-REGISTRATION FLAGS: Reverse flag enabled true
INFO  2024-10-16T19:21:39.789+00:00 tokio-runtime-worker(ThreadId(7)) [1P:app/op-app/src/app/backend/lock_screen.rs:89] System unlock is enabled: false
INFO  2024-10-16T19:21:39.789+00:00 tokio-runtime-worker(ThreadId(7)) [1P:app/op-app/src/app/backend/lock_screen.rs:117] Sys auth status Disabled
INFO  2024-10-16T20:22:37.330+00:00 tokio-runtime-worker(ThreadId(6)) [1P:app/op-app/src/app/backend/lock_screen.rs:89] System unlock is enabled: false
INFO  2024-10-16T20:22:37.372+00:00 tokio-runtime-worker(ThreadId(6)) [1P:/builds/dev/core/core/data/ext/op-account-ext-settings-authentication/src/lib.rs:226] loaded settings authentication key: fe78764b02bcb831
INFO  2024-10-16T20:22:37.374+00:00 tokio-runtime-worker(ThreadId(4)) [1P:data/ext/op-account-ext-items/src/lib.rs:234] loaded 182 items in 4 vaults for account: 3X7LJ26H6ZAVPGNVIQCAF6IWHQ
INFO  2024-10-16T20:22:37.376+00:00 tokio-runtime-worker(ThreadId(8)) [1P:app/op-app/src/app/components/policies.rs:288] Skipping policies for account 3X7LJ26H6ZAVPGNVIQCAF6IWHQ; feature flag not enabled.
INFO  2024-10-16T20:22:37.376+00:00 tokio-runtime-worker(ThreadId(4)) [1P:data/ext/op-account-ext-settings-authentication/src/lib.rs:304] exactly one existing key found (fe78764b02bcb831). Applying it to any new accounts
INFO  2024-10-16T20:22:37.376+00:00 tokio-runtime-worker(ThreadId(4)) [1P:op-settings/src/store/json_store.rs:703] initializing settings authentication with key fe78764b02bcb831
INFO  2024-10-16T20:22:37.376+00:00 tokio-runtime-worker(ThreadId(4)) [1P:app/op-app/src/app/backend/unlock.rs:150] Lock state changed: Unlocked
INFO  2024-10-16T20:22:37.376+00:00 tokio-runtime-worker(ThreadId(4)) [1P:app/op-app/src/app/backend/essential_setup.rs:135] SLS Migration Result: NotRequired
INFO  2024-10-16T20:22:37.377+00:00 ThreadId(10) [client:typescript] Settings file changed.
INFO  2024-10-16T20:22:38.037+00:00 tokio-runtime-worker(ThreadId(4)) [1P:app/op-app/src/app/backend/unlock.rs:172] Processing unlocked account 3X7LJ26H6ZAVPGNVIQCAF6IWHQ
INFO  2024-10-16T20:22:38.959+00:00 tokio-runtime-worker(ThreadId(1)) [1P:op-b5-client/src/internal/unauthorized_session.rs:1052] Skipping MFA because server did not return MFA config
INFO  2024-10-16T20:22:39.281+00:00 tokio-runtime-worker(ThreadId(7)) [1P:data/ext/op-account-ext-syncer/src/lib.rs:239] The B5 Notifier for (3X7LJ26H6ZAVPGNVIQCAF6IWHQ) has connected, now monitoring for events.
INFO  2024-10-16T20:22:39.297+00:00 tokio-runtime-worker(ThreadId(1)) [1P:data/op-syncer/src/sync_job.rs:507] synced account 3X7LJ26H6ZAVPGNVIQCAF6IWHQ (0.33662053s)
INFO  2024-10-16T20:22:39.297+00:00 tokio-runtime-worker(ThreadId(4)) [1P:data/op-file-transfer/src/lib.rs:608] find_and_complete_pending_uploads: '3X7LJ26H6ZAVPGNVIQCAF6IWHQ'
INFO  2024-10-16T20:23:14.445+00:00 tokio-runtime-worker(ThreadId(8)) [1P:op-settings/src/store/json_store.rs:71] Settings file created @ 2024-10-16 19:10:50.692872133 UTC and last modified @ 2024-10-16 19:10:52.082872100 UTC
INFO  2024-10-16T20:23:14.445+00:00 tokio-runtime-worker(ThreadId(1)) [1P:op-settings/src/store/json_store.rs:71] Settings file created @ 2024-10-16 19:10:50.692872133 UTC and last modified @ 2024-10-16 20:23:14.442766407 UTC
INFO  2024-10-16T20:23:14.445+00:00 ThreadId(10) [client:typescript] Settings file changed.
INFO  2024-10-16T20:23:15.065+00:00 tokio-runtime-worker(ThreadId(2)) [1P:op-settings/src/store/json_store.rs:71] Settings file created @ 2024-10-16 19:10:50.692872133 UTC and last modified @ 2024-10-16 20:23:14.442766407 UTC
INFO  2024-10-16T20:23:15.066+00:00 tokio-runtime-worker(ThreadId(2)) [1P:op-settings/src/store/json_store.rs:71] Settings file created @ 2024-10-16 19:10:50.692872133 UTC and last modified @ 2024-10-16 20:23:15.062766394 UTC
INFO  2024-10-16T20:23:15.066+00:00 ThreadId(10) [client:typescript] Settings file changed.
INFO  2024-10-16T20:23:15.302+00:00 tokio-runtime-worker(ThreadId(6)) [1P:op-settings/src/store/json_store.rs:71] Settings file created @ 2024-10-16 19:10:50.692872133 UTC and last modified @ 2024-10-16 20:23:15.062766394 UTC
INFO  2024-10-16T20:23:15.303+00:00 tokio-runtime-worker(ThreadId(2)) [1P:op-settings/src/store/json_store.rs:71] Settings file created @ 2024-10-16 19:10:50.692872133 UTC and last modified @ 2024-10-16 20:23:15.299433056 UTC
INFO  2024-10-16T20:23:15.303+00:00 ThreadId(10) [client:typescript] Settings file changed.
INFO  2024-10-16T20:33:57.024+00:00 ThreadId(73) [1P:op-auto-lock/src/linux.rs:467] X screensaver event detected
INFO  2024-10-16T20:33:57.024+00:00 tokio-runtime-worker(ThreadId(8)) [1P:app/op-app/src/app/backend/lock.rs:340] MYCELIUM PRE-REGISTRATION FLAGS: Fetching pre-registration flags
INFO  2024-10-16T20:33:57.025+00:00 tokio-runtime-worker(ThreadId(7)) [1P:app/op-app/src/app/backend/lock.rs:141] Lock state changed: Locked
INFO  2024-10-16T20:33:57.025+00:00 tokio-runtime-worker(ThreadId(7)) [1P:app/op-app/src/app/backend/lock.rs:169] Locked. Reason: Automatic(ScreenSaverActivated).
INFO  2024-10-16T20:33:57.025+00:00 tokio-runtime-worker(ThreadId(8)) [1P:app/op-app/src/app/backend/mycelium/task_management.rs:65] Received a Mycelium channel close request, ignoring request as no task is actively running
ERROR 2024-10-16T20:33:57.028+00:00 tokio-runtime-worker(ThreadId(86)) [1P:/builds/dev/core/core/op-ui/src/item_action/mod.rs:169] ItemWithIdNotFound(97)
ERROR 2024-10-16T20:33:57.028+00:00 tokio-runtime-worker(ThreadId(86)) [1P:/builds/dev/core/core/ui/op-main-menu/src/lib.rs:1569] ItemWithIdNotFound(97)
ERROR 2024-10-16T20:33:57.030+00:00 tokio-runtime-worker(ThreadId(86)) [1P:ffi/op-core-node/src/lib.rs:549] CollectionNotFound
ERROR 2024-10-16T20:33:57.030+00:00 tokio-runtime-worker(ThreadId(86)) [1P:ffi/op-core-node/src/lib.rs:549] CollectionNotFound
INFO  2024-10-16T20:33:57.037+00:00 tokio-runtime-worker(ThreadId(2)) [1P:app/op-app/src/app/backend/lock_screen.rs:89] System unlock is enabled: false
INFO  2024-10-16T20:33:57.037+00:00 tokio-runtime-worker(ThreadId(2)) [1P:app/op-app/src/app/backend/lock_screen.rs:117] Sys auth status Disabled
INFO  2024-10-16T20:33:57.298+00:00 tokio-runtime-worker(ThreadId(8)) [1P:app/op-app/src/app/backend/lock_screen.rs:89] System unlock is enabled: false
ERROR 2024-10-16T20:33:57.298+00:00 tokio-runtime-worker(ThreadId(86)) [1P:/builds/dev/core/core/op-ui/src/item_action/mod.rs:169] ItemWithIdNotFound(97)
ERROR 2024-10-16T20:33:57.299+00:00 tokio-runtime-worker(ThreadId(86)) [1P:/builds/dev/core/core/ui/op-main-menu/src/lib.rs:1569] ItemWithIdNotFound(97)
INFO  2024-10-16T20:33:57.299+00:00 tokio-runtime-worker(ThreadId(8)) [1P:app/op-app/src/app/backend/lock_screen.rs:117] Sys auth status Disabled
INFO  2024-10-16T20:34:02.437+00:00 tokio-runtime-worker(ThreadId(2)) [1P:app/op-app/src/app/backend/lock.rs:347] MYCELIUM PRE-REGISTRATION FLAGS: Forward flag enabled true
INFO  2024-10-16T20:34:02.437+00:00 tokio-runtime-worker(ThreadId(2)) [1P:app/op-app/src/app/backend/lock.rs:356] MYCELIUM PRE-REGISTRATION FLAGS: Reverse flag enabled true
INFO  2024-10-17T01:42:31.901+00:00 tokio-runtime-worker(ThreadId(8)) [1P:app/op-app/src/app/backend/frontend.rs:26] Front end event: window closed
